\BOOKMARK [1][-]{section.1}{Concepts of Motion}{}% 1
\BOOKMARK [2][-]{subsection.1.1}{Motion Diagrams}{section.1}% 2
\BOOKMARK [2][-]{subsection.1.2}{Models and Modeling}{section.1}% 3
\BOOKMARK [2][-]{subsection.1.3}{Position, Time, and Displacement}{section.1}% 4
\BOOKMARK [2][-]{subsection.1.4}{Velocity}{section.1}% 5
\BOOKMARK [2][-]{subsection.1.5}{Linear Acceleration}{section.1}% 6
\BOOKMARK [2][-]{subsection.1.6}{The Rest of Chapter 1}{section.1}% 7
\BOOKMARK [1][-]{section.2}{Kinematics in One Dimension}{}% 8
\BOOKMARK [2][-]{subsection.2.1}{Uniform Motion}{section.2}% 9
\BOOKMARK [2][-]{subsection.2.2}{Instantaneous Velocity}{section.2}% 10
\BOOKMARK [2][-]{subsection.2.3}{Finding Position from Velocity}{section.2}% 11
\BOOKMARK [2][-]{subsection.2.4}{Motion with Constant Acceleration}{section.2}% 12
\BOOKMARK [2][-]{subsection.2.5}{Free Fall}{section.2}% 13
\BOOKMARK [2][-]{subsection.2.6}{Motion on an Inclined Plane}{section.2}% 14
\BOOKMARK [1][-]{section.3}{Vectors and Coordinate Systems}{}% 15
\BOOKMARK [2][-]{subsection.3.1}{Scalars and Vectors}{section.3}% 16
\BOOKMARK [2][-]{subsection.3.2}{Using Vectors}{section.3}% 17
\BOOKMARK [2][-]{subsection.3.3}{Coordinate Systems and Vector Components}{section.3}% 18
\BOOKMARK [2][-]{subsection.3.4}{Unit Vector and Vector Algebra}{section.3}% 19
\BOOKMARK [1][-]{section.4}{Kinematics in Two Dimensions}{}% 20
\BOOKMARK [2][-]{subsection.4.1}{Motion in Two Dimensions}{section.4}% 21
\BOOKMARK [2][-]{subsection.4.2}{Projectile Motion}{section.4}% 22
\BOOKMARK [2][-]{subsection.4.3}{Relative Motion}{section.4}% 23
\BOOKMARK [2][-]{subsection.4.4}{Uniform Circular Motion}{section.4}% 24
\BOOKMARK [2][-]{subsection.4.5}{Centripetal Acceleration}{section.4}% 25
\BOOKMARK [2][-]{subsection.4.6}{Nonuniform Circular Motion}{section.4}% 26
\BOOKMARK [1][-]{section.5}{Force and Motion}{}% 27
\BOOKMARK [2][-]{subsection.5.1}{Force}{section.5}% 28
\BOOKMARK [2][-]{subsection.5.2}{A Short Catalog of Forces}{section.5}% 29
\BOOKMARK [3][-]{subsubsection.5.2.1}{Gravity}{subsection.5.2}% 30
\BOOKMARK [3][-]{subsubsection.5.2.2}{Spring Force}{subsection.5.2}% 31
\BOOKMARK [3][-]{subsubsection.5.2.3}{Tension Force}{subsection.5.2}% 32
\BOOKMARK [3][-]{subsubsection.5.2.4}{Normal Force}{subsection.5.2}% 33
\BOOKMARK [3][-]{subsubsection.5.2.5}{Friction}{subsection.5.2}% 34
\BOOKMARK [3][-]{subsubsection.5.2.6}{Drag}{subsection.5.2}% 35
\BOOKMARK [3][-]{subsubsection.5.2.7}{Thrust}{subsection.5.2}% 36
\BOOKMARK [3][-]{subsubsection.5.2.8}{Electricity and Magnetism}{subsection.5.2}% 37
\BOOKMARK [2][-]{subsection.5.3}{What Do Forces Do?}{section.5}% 38
\BOOKMARK [2][-]{subsection.5.4}{Newton's Second Law}{section.5}% 39
\BOOKMARK [2][-]{subsection.5.5}{Newton's First Law}{section.5}% 40
\BOOKMARK [1][-]{section.6}{Dynamics I: Motion Along a Line}{}% 41
